{"level":"info","message":"🚀 Backend server running on port 3001","service":"dolibarr-import","timestamp":"2025-08-30T11:28:22.080Z"}
{"level":"info","message":"🌐 Frontend URL: http://localhost:3000","service":"dolibarr-import","timestamp":"2025-08-30T11:28:22.086Z"}
{"level":"info","message":"🔗 Dolibarr API: http://localhost/dolibarr/htdocs/api/index.php","service":"dolibarr-import","timestamp":"2025-08-30T11:28:22.088Z"}
{"level":"info","message":"🚀 Backend server running on port 3001","service":"dolibarr-import","timestamp":"2025-08-30T11:44:02.227Z"}
{"level":"info","message":"🌐 Frontend URL: http://localhost:3000","service":"dolibarr-import","timestamp":"2025-08-30T11:44:02.232Z"}
{"level":"info","message":"🔗 Dolibarr API: http://localhost/dolibarr/htdocs/api/index.php","service":"dolibarr-import","timestamp":"2025-08-30T11:44:02.233Z"}
{"level":"info","message":"🚀 Backend server running on port 3001","service":"dolibarr-import","timestamp":"2025-08-30T11:54:38.570Z"}
{"level":"info","message":"🌐 Frontend URL: http://localhost:3000","service":"dolibarr-import","timestamp":"2025-08-30T11:54:38.579Z"}
{"level":"info","message":"🔗 Dolibarr API: http://localhost/dolibarr/htdocs/api/index.php","service":"dolibarr-import","timestamp":"2025-08-30T11:54:38.581Z"}
{"level":"info","message":"GET /reset/confirm","service":"dolibarr-import","timestamp":"2025-08-30T11:56:16.411Z"}
{"level":"info","message":"GET /api/reset/confirm","service":"dolibarr-import","timestamp":"2025-08-30T11:57:39.920Z"}
{"level":"error","message":"Dolibarr API Setup Error:","service":"dolibarr-import","timestamp":"2025-08-30T11:57:39.945Z"}
{"level":"error","message":"Dolibarr API Setup Error:","service":"dolibarr-import","timestamp":"2025-08-30T11:57:39.968Z"}
{"level":"error","message":"Dolibarr API Setup Error:","service":"dolibarr-import","timestamp":"2025-08-30T11:57:39.970Z"}
{"level":"info","message":"GET /api/reset/confirm","service":"dolibarr-import","timestamp":"2025-08-30T11:58:04.493Z"}
{"level":"error","message":"Dolibarr API Setup Error:","service":"dolibarr-import","timestamp":"2025-08-30T11:58:04.496Z"}
{"level":"error","message":"Dolibarr API Setup Error:","service":"dolibarr-import","timestamp":"2025-08-30T11:58:04.502Z"}
{"level":"error","message":"Dolibarr API Setup Error:","service":"dolibarr-import","timestamp":"2025-08-30T11:58:04.520Z"}
{"level":"info","message":"GET /api/reset/confirm","service":"dolibarr-import","timestamp":"2025-08-30T12:22:17.335Z"}
{"level":"error","message":"Dolibarr API Setup Error:","service":"dolibarr-import","timestamp":"2025-08-30T12:22:17.384Z"}
{"level":"error","message":"Dolibarr API Setup Error:","service":"dolibarr-import","timestamp":"2025-08-30T12:22:17.401Z"}
{"level":"error","message":"Dolibarr API Setup Error:","service":"dolibarr-import","timestamp":"2025-08-30T12:22:17.418Z"}
{"level":"info","message":"GET /api/reset/confirm","service":"dolibarr-import","timestamp":"2025-08-30T12:37:25.691Z"}
{"level":"error","message":"Dolibarr API Setup Error:","service":"dolibarr-import","timestamp":"2025-08-30T12:37:25.697Z"}
{"level":"error","message":"Dolibarr API Setup Error:","service":"dolibarr-import","timestamp":"2025-08-30T12:37:25.700Z"}
{"level":"error","message":"Dolibarr API Setup Error:","service":"dolibarr-import","timestamp":"2025-08-30T12:37:25.725Z"}
{"level":"info","message":"DELETE /api/reset/all","service":"dolibarr-import","timestamp":"2025-08-30T12:37:27.635Z"}
{"level":"info","message":"Début de la réinitialisation des données Dolibarr","service":"dolibarr-import","timestamp":"2025-08-30T12:37:27.684Z"}
{"level":"info","message":"Suppression des ordres de fabrication...","service":"dolibarr-import","timestamp":"2025-08-30T12:37:27.685Z"}
{"level":"error","message":"Dolibarr API Setup Error:","service":"dolibarr-import","timestamp":"2025-08-30T12:37:27.709Z"}
{"level":"error","message":"Erreur lors de la récupération des ordres de fabrication:","service":"dolibarr-import","timestamp":"2025-08-30T12:37:27.710Z"}
{"level":"info","message":"Suppression des nomenclatures...","service":"dolibarr-import","timestamp":"2025-08-30T12:37:27.711Z"}
{"level":"error","message":"Dolibarr API Setup Error:","service":"dolibarr-import","timestamp":"2025-08-30T12:37:27.712Z"}
{"level":"error","message":"Erreur lors de la récupération des BOMs:","service":"dolibarr-import","timestamp":"2025-08-30T12:37:27.713Z"}
{"level":"info","message":"Réinitialisation des stocks...","service":"dolibarr-import","timestamp":"2025-08-30T12:37:27.715Z"}
{"level":"error","message":"Dolibarr API Setup Error:","service":"dolibarr-import","timestamp":"2025-08-30T12:37:27.725Z"}
{"level":"error","message":"Erreur lors de la réinitialisation des stocks:","service":"dolibarr-import","timestamp":"2025-08-30T12:37:27.726Z"}
{"level":"info","message":"Suppression des produits...","service":"dolibarr-import","timestamp":"2025-08-30T12:37:27.726Z"}
{"level":"error","message":"Dolibarr API Setup Error:","service":"dolibarr-import","timestamp":"2025-08-30T12:37:27.730Z"}
{"level":"error","message":"Erreur lors de la récupération des produits:","service":"dolibarr-import","timestamp":"2025-08-30T12:37:27.732Z"}
{"level":"info","message":"Réinitialisation terminée: 0 éléments supprimés, 4 erreurs","service":"dolibarr-import","timestamp":"2025-08-30T12:37:27.732Z"}
{"level":"info","message":"GET /api/reset/confirm","service":"dolibarr-import","timestamp":"2025-08-30T12:42:43.358Z"}
{"level":"error","message":"Dolibarr API Setup Error:","service":"dolibarr-import","timestamp":"2025-08-30T12:42:43.367Z"}
{"level":"error","message":"Dolibarr API Setup Error:","service":"dolibarr-import","timestamp":"2025-08-30T12:42:43.369Z"}
{"level":"error","message":"Dolibarr API Setup Error:","service":"dolibarr-import","timestamp":"2025-08-30T12:42:43.372Z"}
{"level":"info","message":"GET /api/reset/confirm","service":"dolibarr-import","timestamp":"2025-08-30T12:54:14.084Z"}
{"level":"error","message":"Dolibarr API Setup Error:","service":"dolibarr-import","timestamp":"2025-08-30T12:54:14.088Z"}
{"level":"error","message":"Dolibarr API Setup Error:","service":"dolibarr-import","timestamp":"2025-08-30T12:54:14.093Z"}
{"level":"error","message":"Dolibarr API Setup Error:","service":"dolibarr-import","timestamp":"2025-08-30T12:54:14.100Z"}
{"level":"info","message":"🚀 Backend server running on port 3001","service":"dolibarr-import","timestamp":"2025-08-30T13:01:30.696Z"}
{"level":"info","message":"🌐 Frontend URL: http://localhost:3000","service":"dolibarr-import","timestamp":"2025-08-30T13:01:30.703Z"}
{"level":"info","message":"🔗 Dolibarr API: http://localhost/dolibarr/htdocs/api/index.php","service":"dolibarr-import","timestamp":"2025-08-30T13:01:30.713Z"}
{"level":"info","message":"GET /api/reset/confirm","service":"dolibarr-import","timestamp":"2025-08-30T13:01:57.555Z"}
{"level":"error","message":"Dolibarr API Setup Error:","service":"dolibarr-import","timestamp":"2025-08-30T13:01:57.580Z"}
{"level":"error","message":"Erreur lors de la récupération des produits: Invalid URL","service":"dolibarr-import","stack":"Error: Invalid URL\n    at DolibarrService.formatError (/home/antema/dolibarr-client/backend/src/services/dolibarrService.js:101:12)\n    at DolibarrService.get (/home/antema/dolibarr-client/backend/src/services/dolibarrService.js:61:18)\n    at process.processTicksAndRejections (node:internal/process/task_queues:105:5)\n    at async resetConfirm (/home/antema/dolibarr-client/backend/src/controller/resetController.js:183:26)","timestamp":"2025-08-30T13:01:57.593Z"}
{"level":"info","message":"🚀 Backend server running on port 3001","service":"dolibarr-import","timestamp":"2025-08-30T13:03:46.050Z"}
{"level":"info","message":"🌐 Frontend URL: http://localhost:3000","service":"dolibarr-import","timestamp":"2025-08-30T13:03:46.058Z"}
{"level":"info","message":"🔗 Dolibarr API: http://localhost/dolibarr/htdocs/api","service":"dolibarr-import","timestamp":"2025-08-30T13:03:46.059Z"}
{"level":"info","message":"GET /api/reset/confirm","service":"dolibarr-import","timestamp":"2025-08-30T13:03:50.652Z"}
{"level":"error","message":"Dolibarr API Setup Error:","service":"dolibarr-import","timestamp":"2025-08-30T13:03:50.666Z"}
{"level":"error","message":"Erreur lors de la récupération des produits: Invalid URL","service":"dolibarr-import","stack":"Error: Invalid URL\n    at DolibarrService.formatError (/home/antema/dolibarr-client/backend/src/services/dolibarrService.js:101:12)\n    at DolibarrService.get (/home/antema/dolibarr-client/backend/src/services/dolibarrService.js:61:18)\n    at process.processTicksAndRejections (node:internal/process/task_queues:105:5)\n    at async resetConfirm (/home/antema/dolibarr-client/backend/src/controller/resetController.js:183:26)","timestamp":"2025-08-30T13:03:50.671Z"}
{"level":"info","message":"🚀 Backend server running on port 3001","service":"dolibarr-import","timestamp":"2025-08-30T13:10:34.620Z"}
{"level":"info","message":"🌐 Frontend URL: http://localhost:3000","service":"dolibarr-import","timestamp":"2025-08-30T13:10:34.626Z"}
{"level":"info","message":"🔗 Dolibarr API: http://localhost/dolibarr/htdocs/api/index.php","service":"dolibarr-import","timestamp":"2025-08-30T13:10:34.627Z"}
{"level":"info","message":"GET /api/reset/confirm","service":"dolibarr-import","timestamp":"2025-08-30T13:10:46.945Z"}
{"level":"error","message":"Dolibarr API Setup Error:","service":"dolibarr-import","timestamp":"2025-08-30T13:10:46.965Z"}
{"level":"error","message":"Erreur lors de la récupération des produits: Invalid URL","service":"dolibarr-import","stack":"Error: Invalid URL\n    at DolibarrService.formatError (/home/antema/dolibarr-client/backend/src/services/dolibarrService.js:101:12)\n    at DolibarrService.get (/home/antema/dolibarr-client/backend/src/services/dolibarrService.js:61:18)\n    at process.processTicksAndRejections (node:internal/process/task_queues:105:5)\n    at async resetConfirm (/home/antema/dolibarr-client/backend/src/controller/resetController.js:183:26)","timestamp":"2025-08-30T13:10:46.977Z"}
{"level":"info","message":"🚀 Backend server running on port 3001","service":"dolibarr-import","timestamp":"2025-08-30T13:13:49.357Z"}
{"level":"info","message":"🌐 Frontend URL: http://localhost:3000","service":"dolibarr-import","timestamp":"2025-08-30T13:13:49.367Z"}
{"level":"info","message":"🔗 Dolibarr API: http://localhost/dolibarr/htdocs/api/index.php","service":"dolibarr-import","timestamp":"2025-08-30T13:13:49.368Z"}
{"level":"info","message":"GET /api/reset/confirm","service":"dolibarr-import","timestamp":"2025-08-30T13:13:54.198Z"}
{"level":"info","message":"Dolibarr GET request: undefined/products","service":"dolibarr-import","timestamp":"2025-08-30T13:13:54.202Z"}
{"level":"error","message":"Dolibarr API Setup Error:","service":"dolibarr-import","timestamp":"2025-08-30T13:13:54.219Z"}
{"level":"error","message":"Erreur lors de la récupération des produits: Invalid URL","service":"dolibarr-import","stack":"Error: Invalid URL\n    at DolibarrService.formatError (/home/antema/dolibarr-client/backend/src/services/dolibarrService.js:102:12)\n    at DolibarrService.get (/home/antema/dolibarr-client/backend/src/services/dolibarrService.js:62:18)\n    at process.processTicksAndRejections (node:internal/process/task_queues:105:5)\n    at async resetConfirm (/home/antema/dolibarr-client/backend/src/controller/resetController.js:183:26)","timestamp":"2025-08-30T13:13:54.243Z"}
{"level":"info","message":"🚀 Backend server running on port 3001","service":"dolibarr-import","timestamp":"2025-08-30T13:16:32.586Z"}
{"level":"info","message":"🌐 Frontend URL: http://localhost:3000","service":"dolibarr-import","timestamp":"2025-08-30T13:16:32.601Z"}
{"level":"info","message":"🔗 Dolibarr API: http://localhost/dolibarr/htdocs/api/index.php","service":"dolibarr-import","timestamp":"2025-08-30T13:16:32.602Z"}
{"level":"info","message":"🚀 Backend server running on port 3001","service":"dolibarr-import","timestamp":"2025-08-30T13:18:10.542Z"}
{"level":"info","message":"🌐 Frontend URL: http://localhost:3000","service":"dolibarr-import","timestamp":"2025-08-30T13:18:10.562Z"}
{"level":"info","message":"🔗 Dolibarr API: http://localhost/dolibarr/htdocs/api/index.php/","service":"dolibarr-import","timestamp":"2025-08-30T13:18:10.563Z"}
{"level":"info","message":"🚀 Backend server running on port 3001","service":"dolibarr-import","timestamp":"2025-08-30T13:19:50.641Z"}
{"level":"info","message":"🌐 Frontend URL: http://localhost:3000","service":"dolibarr-import","timestamp":"2025-08-30T13:19:50.646Z"}
{"level":"info","message":"🔗 Dolibarr API: http://localhost/dolibarr/htdocs/api/index.php/","service":"dolibarr-import","timestamp":"2025-08-30T13:19:50.649Z"}
{"level":"info","message":"GET /api/reset/confirm","service":"dolibarr-import","timestamp":"2025-08-30T13:20:08.176Z"}
{"level":"info","message":"Dolibarr GET request: http://localhost/dolibarr/htdocs/api/index.php//products","service":"dolibarr-import","timestamp":"2025-08-30T13:20:08.178Z"}
{"level":"info","message":"Dolibarr GET request: http://localhost/dolibarr/htdocs/api/index.php//boms","service":"dolibarr-import","timestamp":"2025-08-30T13:20:08.874Z"}
{"level":"info","message":"DELETE /api/reset/all","service":"dolibarr-import","timestamp":"2025-08-30T13:20:14.503Z"}
{"level":"info","message":"Début de la réinitialisation des données Dolibarr","service":"dolibarr-import","timestamp":"2025-08-30T13:20:14.504Z"}
{"level":"info","message":"Suppression des ordres de fabrication...","service":"dolibarr-import","timestamp":"2025-08-30T13:20:14.505Z"}
{"level":"info","message":"Dolibarr GET request: http://localhost/dolibarr/htdocs/api/index.php//mrp","service":"dolibarr-import","timestamp":"2025-08-30T13:20:14.505Z"}
{"data":"API not found (failed to include API file)","level":"error","message":"Dolibarr API Error 501:","service":"dolibarr-import","status":501,"timestamp":"2025-08-30T13:20:14.850Z","url":"/mrp"}
{"level":"error","message":"Erreur lors de la récupération des ordres de fabrication:","service":"dolibarr-import","timestamp":"2025-08-30T13:20:14.854Z"}
{"level":"info","message":"Suppression des nomenclatures...","service":"dolibarr-import","timestamp":"2025-08-30T13:20:14.855Z"}
{"level":"info","message":"Dolibarr GET request: http://localhost/dolibarr/htdocs/api/index.php//boms","service":"dolibarr-import","timestamp":"2025-08-30T13:20:14.855Z"}
{"level":"info","message":"Réinitialisation des stocks...","service":"dolibarr-import","timestamp":"2025-08-30T13:20:15.261Z"}
{"level":"info","message":"Dolibarr GET request: http://localhost/dolibarr/htdocs/api/index.php//products","service":"dolibarr-import","timestamp":"2025-08-30T13:20:15.261Z"}
{"level":"info","message":"Dolibarr GET request: http://localhost/dolibarr/htdocs/api/index.php//products/2/stock","service":"dolibarr-import","timestamp":"2025-08-30T13:20:15.493Z"}
{"level":"info","message":"Dolibarr GET request: http://localhost/dolibarr/htdocs/api/index.php//products/1/stock","service":"dolibarr-import","timestamp":"2025-08-30T13:20:15.917Z"}
{"level":"info","message":"Dolibarr GET request: http://localhost/dolibarr/htdocs/api/index.php//products/3/stock","service":"dolibarr-import","timestamp":"2025-08-30T13:20:16.014Z"}
{"level":"info","message":"Dolibarr GET request: http://localhost/dolibarr/htdocs/api/index.php//products/4/stock","service":"dolibarr-import","timestamp":"2025-08-30T13:20:16.120Z"}
{"level":"info","message":"Dolibarr GET request: http://localhost/dolibarr/htdocs/api/index.php//products/5/stock","service":"dolibarr-import","timestamp":"2025-08-30T13:20:16.211Z"}
{"level":"info","message":"Dolibarr GET request: http://localhost/dolibarr/htdocs/api/index.php//products/7/stock","service":"dolibarr-import","timestamp":"2025-08-30T13:20:16.300Z"}
{"level":"info","message":"Dolibarr GET request: http://localhost/dolibarr/htdocs/api/index.php//products/6/stock","service":"dolibarr-import","timestamp":"2025-08-30T13:20:16.422Z"}
{"level":"info","message":"Dolibarr GET request: http://localhost/dolibarr/htdocs/api/index.php//products/8/stock","service":"dolibarr-import","timestamp":"2025-08-30T13:20:16.623Z"}
{"level":"info","message":"Suppression des produits...","service":"dolibarr-import","timestamp":"2025-08-30T13:20:16.747Z"}
{"level":"info","message":"Dolibarr GET request: http://localhost/dolibarr/htdocs/api/index.php//products","service":"dolibarr-import","timestamp":"2025-08-30T13:20:16.747Z"}
{"data":{"debug":{"source":"api_products.class.php:545 at call stage","stages":{"failure":["call","message"],"success":["get","route","negotiate","authenticate","validate"]}},"error":{"code":409,"message":"Conflict: Can't delete, that product is probably used"}},"level":"error","message":"Dolibarr API Error 409:","service":"dolibarr-import","status":409,"timestamp":"2025-08-30T13:20:17.146Z","url":"/products/2"}
{"level":"error","message":"Erreur suppression produit 2:","service":"dolibarr-import","timestamp":"2025-08-30T13:20:17.149Z"}
{"data":{"debug":{"source":"api_products.class.php:545 at call stage","stages":{"failure":["call","message"],"success":["get","route","negotiate","authenticate","validate"]}},"error":{"code":409,"message":"Conflict: Can't delete, that product is probably used"}},"level":"error","message":"Dolibarr API Error 409:","service":"dolibarr-import","status":409,"timestamp":"2025-08-30T13:20:17.330Z","url":"/products/1"}
{"level":"error","message":"Erreur suppression produit 1:","service":"dolibarr-import","timestamp":"2025-08-30T13:20:17.331Z"}
{"data":{"debug":{"source":"api_products.class.php:545 at call stage","stages":{"failure":["call","message"],"success":["get","route","negotiate","authenticate","validate"]}},"error":{"code":409,"message":"Conflict: Can't delete, that product is probably used"}},"level":"error","message":"Dolibarr API Error 409:","service":"dolibarr-import","status":409,"timestamp":"2025-08-30T13:20:17.449Z","url":"/products/3"}
{"level":"error","message":"Erreur suppression produit 3:","service":"dolibarr-import","timestamp":"2025-08-30T13:20:17.450Z"}
{"level":"info","message":"Réinitialisation terminée: 6 éléments supprimés, 4 erreurs","service":"dolibarr-import","timestamp":"2025-08-30T13:20:18.492Z"}
{"level":"info","message":"🚀 Backend server running on port 3001","service":"dolibarr-import","timestamp":"2025-08-30T13:21:53.566Z"}
{"level":"info","message":"🌐 Frontend URL: http://localhost:3000","service":"dolibarr-import","timestamp":"2025-08-30T13:21:53.571Z"}
{"level":"info","message":"🔗 Dolibarr API: http://localhost/dolibarr/htdocs/api/index.php/","service":"dolibarr-import","timestamp":"2025-08-30T13:21:53.572Z"}
{"level":"info","message":"GET /api/reset/confirm","service":"dolibarr-import","timestamp":"2025-08-30T13:21:58.460Z"}
{"level":"info","message":"Dolibarr GET request: http://localhost/dolibarr/htdocs/api/index.php//products","service":"dolibarr-import","timestamp":"2025-08-30T13:21:58.463Z"}
{"level":"info","message":"Dolibarr GET request: http://localhost/dolibarr/htdocs/api/index.php//boms","service":"dolibarr-import","timestamp":"2025-08-30T13:21:58.854Z"}
{"level":"info","message":"DELETE /api/reset/all","service":"dolibarr-import","timestamp":"2025-08-30T13:22:03.428Z"}
{"level":"info","message":"Début de la réinitialisation des données Dolibarr","service":"dolibarr-import","timestamp":"2025-08-30T13:22:03.431Z"}
{"level":"info","message":"Suppression des nomenclatures...","service":"dolibarr-import","timestamp":"2025-08-30T13:22:03.432Z"}
{"level":"info","message":"Dolibarr GET request: http://localhost/dolibarr/htdocs/api/index.php//boms","service":"dolibarr-import","timestamp":"2025-08-30T13:22:03.433Z"}
{"level":"info","message":"Réinitialisation des stocks...","service":"dolibarr-import","timestamp":"2025-08-30T13:22:03.600Z"}
{"level":"info","message":"Dolibarr GET request: http://localhost/dolibarr/htdocs/api/index.php//products","service":"dolibarr-import","timestamp":"2025-08-30T13:22:03.600Z"}
{"level":"info","message":"Dolibarr GET request: http://localhost/dolibarr/htdocs/api/index.php//products/2/stock","service":"dolibarr-import","timestamp":"2025-08-30T13:22:03.686Z"}
{"level":"info","message":"Dolibarr GET request: http://localhost/dolibarr/htdocs/api/index.php//products/1/stock","service":"dolibarr-import","timestamp":"2025-08-30T13:22:03.787Z"}
{"level":"info","message":"Dolibarr GET request: http://localhost/dolibarr/htdocs/api/index.php//products/3/stock","service":"dolibarr-import","timestamp":"2025-08-30T13:22:03.878Z"}
{"level":"info","message":"Suppression des produits...","service":"dolibarr-import","timestamp":"2025-08-30T13:22:03.964Z"}
{"level":"info","message":"Dolibarr GET request: http://localhost/dolibarr/htdocs/api/index.php//products","service":"dolibarr-import","timestamp":"2025-08-30T13:22:03.964Z"}
{"data":{"debug":{"source":"api_products.class.php:545 at call stage","stages":{"failure":["call","message"],"success":["get","route","negotiate","authenticate","validate"]}},"error":{"code":409,"message":"Conflict: Can't delete, that product is probably used"}},"level":"error","message":"Dolibarr API Error 409:","service":"dolibarr-import","status":409,"timestamp":"2025-08-30T13:22:04.120Z","url":"/products/2"}
{"level":"error","message":"Erreur suppression produit 2:","service":"dolibarr-import","timestamp":"2025-08-30T13:22:04.122Z"}
{"data":{"debug":{"source":"api_products.class.php:545 at call stage","stages":{"failure":["call","message"],"success":["get","route","negotiate","authenticate","validate"]}},"error":{"code":409,"message":"Conflict: Can't delete, that product is probably used"}},"level":"error","message":"Dolibarr API Error 409:","service":"dolibarr-import","status":409,"timestamp":"2025-08-30T13:22:04.210Z","url":"/products/1"}
{"level":"error","message":"Erreur suppression produit 1:","service":"dolibarr-import","timestamp":"2025-08-30T13:22:04.212Z"}
{"data":{"debug":{"source":"api_products.class.php:545 at call stage","stages":{"failure":["call","message"],"success":["get","route","negotiate","authenticate","validate"]}},"error":{"code":409,"message":"Conflict: Can't delete, that product is probably used"}},"level":"error","message":"Dolibarr API Error 409:","service":"dolibarr-import","status":409,"timestamp":"2025-08-30T13:22:04.306Z","url":"/products/3"}
{"level":"error","message":"Erreur suppression produit 3:","service":"dolibarr-import","timestamp":"2025-08-30T13:22:04.307Z"}
{"level":"info","message":"Réinitialisation terminée: 0 éléments supprimés, 3 erreurs","service":"dolibarr-import","timestamp":"2025-08-30T13:22:04.308Z"}
{"level":"info","message":"🚀 Backend server running on port 3001","service":"dolibarr-import","timestamp":"2025-08-30T13:32:00.657Z"}
{"level":"info","message":"🌐 Frontend URL: http://localhost:3000","service":"dolibarr-import","timestamp":"2025-08-30T13:32:00.669Z"}
{"level":"info","message":"🔗 Dolibarr API: http://localhost/dolibarr/htdocs/api/index.php/","service":"dolibarr-import","timestamp":"2025-08-30T13:32:00.670Z"}
{"level":"info","message":"GET /api/reset/confirm","service":"dolibarr-import","timestamp":"2025-08-30T13:32:13.907Z"}
{"level":"info","message":"Dolibarr GET request: http://localhost/dolibarr/htdocs/api/index.php//mos","service":"dolibarr-import","timestamp":"2025-08-30T13:32:13.910Z"}
{"level":"info","message":"Dolibarr GET request: http://localhost/dolibarr/htdocs/api/index.php//products","service":"dolibarr-import","timestamp":"2025-08-30T13:32:14.232Z"}
{"level":"info","message":"Dolibarr GET request: http://localhost/dolibarr/htdocs/api/index.php//boms","service":"dolibarr-import","timestamp":"2025-08-30T13:32:14.356Z"}
{"level":"info","message":"DELETE /api/reset/all","service":"dolibarr-import","timestamp":"2025-08-30T13:32:19.341Z"}
{"level":"info","message":"Début de la réinitialisation des données Dolibarr","service":"dolibarr-import","timestamp":"2025-08-30T13:32:19.343Z"}
{"level":"info","message":"Suppression des ordres de fabrication...","service":"dolibarr-import","timestamp":"2025-08-30T13:32:19.344Z"}
{"level":"info","message":"Dolibarr GET request: http://localhost/dolibarr/htdocs/api/index.php//mrp","service":"dolibarr-import","timestamp":"2025-08-30T13:32:19.345Z"}
{"data":"API not found (failed to include API file)","level":"error","message":"Dolibarr API Error 501:","service":"dolibarr-import","status":501,"timestamp":"2025-08-30T13:32:19.466Z","url":"/mrp"}
{"level":"error","message":"Erreur lors de la récupération des ordres de fabrication:","service":"dolibarr-import","timestamp":"2025-08-30T13:32:19.470Z"}
{"level":"info","message":"Suppression des nomenclatures...","service":"dolibarr-import","timestamp":"2025-08-30T13:32:19.471Z"}
{"level":"info","message":"Dolibarr GET request: http://localhost/dolibarr/htdocs/api/index.php//boms","service":"dolibarr-import","timestamp":"2025-08-30T13:32:19.471Z"}
{"level":"info","message":"Réinitialisation des stocks...","service":"dolibarr-import","timestamp":"2025-08-30T13:32:19.582Z"}
{"level":"info","message":"Dolibarr GET request: http://localhost/dolibarr/htdocs/api/index.php//products","service":"dolibarr-import","timestamp":"2025-08-30T13:32:19.584Z"}
{"level":"info","message":"Dolibarr GET request: http://localhost/dolibarr/htdocs/api/index.php//products/2/stock","service":"dolibarr-import","timestamp":"2025-08-30T13:32:19.712Z"}
{"level":"info","message":"Dolibarr GET request: http://localhost/dolibarr/htdocs/api/index.php//products/1/stock","service":"dolibarr-import","timestamp":"2025-08-30T13:32:19.818Z"}
{"level":"info","message":"Dolibarr GET request: http://localhost/dolibarr/htdocs/api/index.php//products/3/stock","service":"dolibarr-import","timestamp":"2025-08-30T13:32:19.936Z"}
{"level":"info","message":"Suppression des produits...","service":"dolibarr-import","timestamp":"2025-08-30T13:32:20.122Z"}
{"level":"info","message":"Dolibarr GET request: http://localhost/dolibarr/htdocs/api/index.php//products","service":"dolibarr-import","timestamp":"2025-08-30T13:32:20.122Z"}
{"data":{"debug":{"source":"api_products.class.php:545 at call stage","stages":{"failure":["call","message"],"success":["get","route","negotiate","authenticate","validate"]}},"error":{"code":409,"message":"Conflict: Can't delete, that product is probably used"}},"level":"error","message":"Dolibarr API Error 409:","service":"dolibarr-import","status":409,"timestamp":"2025-08-30T13:32:20.271Z","url":"/products/2"}
{"level":"error","message":"Erreur suppression produit 2:","service":"dolibarr-import","timestamp":"2025-08-30T13:32:20.280Z"}
{"data":{"debug":{"source":"api_products.class.php:545 at call stage","stages":{"failure":["call","message"],"success":["get","route","negotiate","authenticate","validate"]}},"error":{"code":409,"message":"Conflict: Can't delete, that product is probably used"}},"level":"error","message":"Dolibarr API Error 409:","service":"dolibarr-import","status":409,"timestamp":"2025-08-30T13:32:20.421Z","url":"/products/1"}
{"level":"error","message":"Erreur suppression produit 1:","service":"dolibarr-import","timestamp":"2025-08-30T13:32:20.422Z"}
{"data":{"debug":{"source":"api_products.class.php:545 at call stage","stages":{"failure":["call","message"],"success":["get","route","negotiate","authenticate","validate"]}},"error":{"code":409,"message":"Conflict: Can't delete, that product is probably used"}},"level":"error","message":"Dolibarr API Error 409:","service":"dolibarr-import","status":409,"timestamp":"2025-08-30T13:32:20.522Z","url":"/products/3"}
{"level":"error","message":"Erreur suppression produit 3:","service":"dolibarr-import","timestamp":"2025-08-30T13:32:20.523Z"}
{"level":"info","message":"Réinitialisation terminée: 0 éléments supprimés, 4 erreurs","service":"dolibarr-import","timestamp":"2025-08-30T13:32:20.523Z"}
{"level":"info","message":"🚀 Backend server running on port 3001","service":"dolibarr-import","timestamp":"2025-08-30T13:33:24.872Z"}
{"level":"info","message":"🌐 Frontend URL: http://localhost:3000","service":"dolibarr-import","timestamp":"2025-08-30T13:33:24.877Z"}
{"level":"info","message":"🔗 Dolibarr API: http://localhost/dolibarr/htdocs/api/index.php/","service":"dolibarr-import","timestamp":"2025-08-30T13:33:24.878Z"}
{"level":"info","message":"GET /api/reset/confirm","service":"dolibarr-import","timestamp":"2025-08-30T13:33:55.171Z"}
{"level":"info","message":"Dolibarr GET request: http://localhost/dolibarr/htdocs/api/index.php//mos","service":"dolibarr-import","timestamp":"2025-08-30T13:33:55.173Z"}
{"level":"info","message":"Dolibarr GET request: http://localhost/dolibarr/htdocs/api/index.php//products","service":"dolibarr-import","timestamp":"2025-08-30T13:33:55.346Z"}
{"level":"info","message":"Dolibarr GET request: http://localhost/dolibarr/htdocs/api/index.php//boms","service":"dolibarr-import","timestamp":"2025-08-30T13:33:55.447Z"}
{"level":"info","message":"DELETE /api/reset/all","service":"dolibarr-import","timestamp":"2025-08-30T13:33:57.332Z"}
{"level":"info","message":"Début de la réinitialisation des données Dolibarr","service":"dolibarr-import","timestamp":"2025-08-30T13:33:57.334Z"}
{"level":"info","message":"Suppression des ordres de fabrication...","service":"dolibarr-import","timestamp":"2025-08-30T13:33:57.335Z"}
{"level":"info","message":"Dolibarr GET request: http://localhost/dolibarr/htdocs/api/index.php//mos","service":"dolibarr-import","timestamp":"2025-08-30T13:33:57.335Z"}
{"level":"info","message":"Suppression des nomenclatures...","service":"dolibarr-import","timestamp":"2025-08-30T13:33:57.570Z"}
{"level":"info","message":"Dolibarr GET request: http://localhost/dolibarr/htdocs/api/index.php//boms","service":"dolibarr-import","timestamp":"2025-08-30T13:33:57.571Z"}
{"level":"info","message":"Réinitialisation des stocks...","service":"dolibarr-import","timestamp":"2025-08-30T13:33:57.637Z"}
{"level":"info","message":"Dolibarr GET request: http://localhost/dolibarr/htdocs/api/index.php//products","service":"dolibarr-import","timestamp":"2025-08-30T13:33:57.638Z"}
{"level":"info","message":"Dolibarr GET request: http://localhost/dolibarr/htdocs/api/index.php//products/2/stock","service":"dolibarr-import","timestamp":"2025-08-30T13:33:57.721Z"}
{"level":"info","message":"Dolibarr GET request: http://localhost/dolibarr/htdocs/api/index.php//products/1/stock","service":"dolibarr-import","timestamp":"2025-08-30T13:33:57.815Z"}
{"level":"info","message":"Dolibarr GET request: http://localhost/dolibarr/htdocs/api/index.php//products/3/stock","service":"dolibarr-import","timestamp":"2025-08-30T13:33:57.899Z"}
{"level":"info","message":"Suppression des produits...","service":"dolibarr-import","timestamp":"2025-08-30T13:33:57.970Z"}
{"level":"info","message":"Dolibarr GET request: http://localhost/dolibarr/htdocs/api/index.php//products","service":"dolibarr-import","timestamp":"2025-08-30T13:33:57.970Z"}
{"level":"info","message":"Réinitialisation terminée: 4 éléments supprimés, 0 erreurs","service":"dolibarr-import","timestamp":"2025-08-30T13:33:58.481Z"}
{"level":"info","message":"POST /products","service":"dolibarr-import","timestamp":"2025-08-30T13:48:17.638Z"}
{"level":"info","message":"POST /products","service":"dolibarr-import","timestamp":"2025-08-30T13:48:17.915Z"}
{"level":"info","message":"POST /products","service":"dolibarr-import","timestamp":"2025-08-30T13:48:18.077Z"}
{"level":"info","message":"POST /products","service":"dolibarr-import","timestamp":"2025-08-30T13:48:18.164Z"}
{"level":"info","message":"POST /products","service":"dolibarr-import","timestamp":"2025-08-30T13:48:18.231Z"}
{"level":"info","message":"POST /boms","service":"dolibarr-import","timestamp":"2025-08-30T13:48:18.619Z"}
{"level":"info","message":"POST /boms","service":"dolibarr-import","timestamp":"2025-08-30T13:48:18.900Z"}
{"level":"info","message":"POST /products","service":"dolibarr-import","timestamp":"2025-08-30T14:47:03.075Z"}
{"level":"info","message":"POST /products","service":"dolibarr-import","timestamp":"2025-08-30T14:47:03.319Z"}
{"level":"info","message":"POST /products","service":"dolibarr-import","timestamp":"2025-08-30T14:47:03.555Z"}
{"level":"info","message":"POST /products","service":"dolibarr-import","timestamp":"2025-08-30T14:47:03.583Z"}
{"level":"info","message":"POST /products","service":"dolibarr-import","timestamp":"2025-08-30T14:47:03.637Z"}
{"level":"info","message":"POST /boms","service":"dolibarr-import","timestamp":"2025-08-30T14:47:04.065Z"}
{"level":"info","message":"POST /boms","service":"dolibarr-import","timestamp":"2025-08-30T14:47:04.341Z"}
{"level":"info","message":"🚀 Backend server running on port 3001","service":"dolibarr-import","timestamp":"2025-08-30T14:50:35.861Z"}
{"level":"info","message":"🌐 Frontend URL: http://localhost:3000","service":"dolibarr-import","timestamp":"2025-08-30T14:50:35.892Z"}
{"level":"info","message":"🔗 Dolibarr API: http://localhost/dolibarr/htdocs/api/index.php/","service":"dolibarr-import","timestamp":"2025-08-30T14:50:35.894Z"}
{"level":"info","message":"POST /api/products","service":"dolibarr-import","timestamp":"2025-08-30T14:50:59.868Z"}
{"level":"info","message":"POST /api/products","service":"dolibarr-import","timestamp":"2025-08-30T14:51:00.061Z"}
{"level":"info","message":"POST /api/products","service":"dolibarr-import","timestamp":"2025-08-30T14:51:00.326Z"}
{"level":"info","message":"POST /api/products","service":"dolibarr-import","timestamp":"2025-08-30T14:51:00.410Z"}
{"level":"info","message":"POST /api/products","service":"dolibarr-import","timestamp":"2025-08-30T14:51:00.453Z"}
{"level":"info","message":"POST /api/boms","service":"dolibarr-import","timestamp":"2025-08-30T14:51:00.693Z"}
{"level":"info","message":"POST /api/boms","service":"dolibarr-import","timestamp":"2025-08-30T14:51:01.211Z"}
{"level":"info","message":"POST /api/import/products","service":"dolibarr-import","timestamp":"2025-08-30T14:55:15.859Z"}
{"level":"info","message":"POST /api/import/products","service":"dolibarr-import","timestamp":"2025-08-30T14:55:16.083Z"}
{"level":"info","message":"POST /api/import/products","service":"dolibarr-import","timestamp":"2025-08-30T14:55:16.165Z"}
{"level":"info","message":"POST /api/import/products","service":"dolibarr-import","timestamp":"2025-08-30T14:55:16.252Z"}
{"level":"info","message":"POST /api/import/products","service":"dolibarr-import","timestamp":"2025-08-30T14:55:16.320Z"}
{"level":"info","message":"POST /api/import/boms","service":"dolibarr-import","timestamp":"2025-08-30T14:55:16.534Z"}
{"level":"info","message":"POST /api/import/boms","service":"dolibarr-import","timestamp":"2025-08-30T14:55:16.680Z"}
{"level":"info","message":"POST /api/import/products","service":"dolibarr-import","timestamp":"2025-08-30T15:03:54.004Z"}
{"level":"error","message":"Product import error line 1: \"_originalIndex\" is not allowed","service":"dolibarr-import","stack":"Error: \"_originalIndex\" is not allowed\n    at importProducts (/home/antema/dolibarr-client/backend/src/controller/importController.js:34:19)\n    at Layer.handle [as handle_request] (/home/antema/dolibarr-client/backend/node_modules/express/lib/router/layer.js:95:5)\n    at next (/home/antema/dolibarr-client/backend/node_modules/express/lib/router/route.js:149:13)\n    at Route.dispatch (/home/antema/dolibarr-client/backend/node_modules/express/lib/router/route.js:119:3)\n    at Layer.handle [as handle_request] (/home/antema/dolibarr-client/backend/node_modules/express/lib/router/layer.js:95:5)\n    at /home/antema/dolibarr-client/backend/node_modules/express/lib/router/index.js:284:15\n    at Function.process_params (/home/antema/dolibarr-client/backend/node_modules/express/lib/router/index.js:346:12)\n    at next (/home/antema/dolibarr-client/backend/node_modules/express/lib/router/index.js:280:10)\n    at Function.handle (/home/antema/dolibarr-client/backend/node_modules/express/lib/router/index.js:175:3)\n    at router (/home/antema/dolibarr-client/backend/node_modules/express/lib/router/index.js:47:12)","timestamp":"2025-08-30T15:03:54.025Z"}
{"level":"error","message":"Product import error line 2: \"_originalIndex\" is not allowed","service":"dolibarr-import","stack":"Error: \"_originalIndex\" is not allowed\n    at importProducts (/home/antema/dolibarr-client/backend/src/controller/importController.js:34:19)\n    at Layer.handle [as handle_request] (/home/antema/dolibarr-client/backend/node_modules/express/lib/router/layer.js:95:5)\n    at next (/home/antema/dolibarr-client/backend/node_modules/express/lib/router/route.js:149:13)\n    at Route.dispatch (/home/antema/dolibarr-client/backend/node_modules/express/lib/router/route.js:119:3)\n    at Layer.handle [as handle_request] (/home/antema/dolibarr-client/backend/node_modules/express/lib/router/layer.js:95:5)\n    at /home/antema/dolibarr-client/backend/node_modules/express/lib/router/index.js:284:15\n    at Function.process_params (/home/antema/dolibarr-client/backend/node_modules/express/lib/router/index.js:346:12)\n    at next (/home/antema/dolibarr-client/backend/node_modules/express/lib/router/index.js:280:10)\n    at Function.handle (/home/antema/dolibarr-client/backend/node_modules/express/lib/router/index.js:175:3)\n    at router (/home/antema/dolibarr-client/backend/node_modules/express/lib/router/index.js:47:12)","timestamp":"2025-08-30T15:03:54.040Z"}
{"level":"error","message":"Product import error line 3: \"_originalIndex\" is not allowed","service":"dolibarr-import","stack":"Error: \"_originalIndex\" is not allowed\n    at importProducts (/home/antema/dolibarr-client/backend/src/controller/importController.js:34:19)\n    at Layer.handle [as handle_request] (/home/antema/dolibarr-client/backend/node_modules/express/lib/router/layer.js:95:5)\n    at next (/home/antema/dolibarr-client/backend/node_modules/express/lib/router/route.js:149:13)\n    at Route.dispatch (/home/antema/dolibarr-client/backend/node_modules/express/lib/router/route.js:119:3)\n    at Layer.handle [as handle_request] (/home/antema/dolibarr-client/backend/node_modules/express/lib/router/layer.js:95:5)\n    at /home/antema/dolibarr-client/backend/node_modules/express/lib/router/index.js:284:15\n    at Function.process_params (/home/antema/dolibarr-client/backend/node_modules/express/lib/router/index.js:346:12)\n    at next (/home/antema/dolibarr-client/backend/node_modules/express/lib/router/index.js:280:10)\n    at Function.handle (/home/antema/dolibarr-client/backend/node_modules/express/lib/router/index.js:175:3)\n    at router (/home/antema/dolibarr-client/backend/node_modules/express/lib/router/index.js:47:12)","timestamp":"2025-08-30T15:03:54.041Z"}
{"level":"error","message":"Product import error line 4: \"_originalIndex\" is not allowed","service":"dolibarr-import","stack":"Error: \"_originalIndex\" is not allowed\n    at importProducts (/home/antema/dolibarr-client/backend/src/controller/importController.js:34:19)\n    at Layer.handle [as handle_request] (/home/antema/dolibarr-client/backend/node_modules/express/lib/router/layer.js:95:5)\n    at next (/home/antema/dolibarr-client/backend/node_modules/express/lib/router/route.js:149:13)\n    at Route.dispatch (/home/antema/dolibarr-client/backend/node_modules/express/lib/router/route.js:119:3)\n    at Layer.handle [as handle_request] (/home/antema/dolibarr-client/backend/node_modules/express/lib/router/layer.js:95:5)\n    at /home/antema/dolibarr-client/backend/node_modules/express/lib/router/index.js:284:15\n    at Function.process_params (/home/antema/dolibarr-client/backend/node_modules/express/lib/router/index.js:346:12)\n    at next (/home/antema/dolibarr-client/backend/node_modules/express/lib/router/index.js:280:10)\n    at Function.handle (/home/antema/dolibarr-client/backend/node_modules/express/lib/router/index.js:175:3)\n    at router (/home/antema/dolibarr-client/backend/node_modules/express/lib/router/index.js:47:12)","timestamp":"2025-08-30T15:03:54.042Z"}
{"level":"error","message":"Product import error line 5: \"_originalIndex\" is not allowed","service":"dolibarr-import","stack":"Error: \"_originalIndex\" is not allowed\n    at importProducts (/home/antema/dolibarr-client/backend/src/controller/importController.js:34:19)\n    at Layer.handle [as handle_request] (/home/antema/dolibarr-client/backend/node_modules/express/lib/router/layer.js:95:5)\n    at next (/home/antema/dolibarr-client/backend/node_modules/express/lib/router/route.js:149:13)\n    at Route.dispatch (/home/antema/dolibarr-client/backend/node_modules/express/lib/router/route.js:119:3)\n    at Layer.handle [as handle_request] (/home/antema/dolibarr-client/backend/node_modules/express/lib/router/layer.js:95:5)\n    at /home/antema/dolibarr-client/backend/node_modules/express/lib/router/index.js:284:15\n    at Function.process_params (/home/antema/dolibarr-client/backend/node_modules/express/lib/router/index.js:346:12)\n    at next (/home/antema/dolibarr-client/backend/node_modules/express/lib/router/index.js:280:10)\n    at Function.handle (/home/antema/dolibarr-client/backend/node_modules/express/lib/router/index.js:175:3)\n    at router (/home/antema/dolibarr-client/backend/node_modules/express/lib/router/index.js:47:12)","timestamp":"2025-08-30T15:03:54.044Z"}
{"level":"info","message":"POST /api/import/products","service":"dolibarr-import","timestamp":"2025-08-30T15:06:27.319Z"}
{"data":{"debug":{"source":"Routes.php:457 at route stage","stages":{"failure":["route","negotiate","message"],"success":["get"]}},"error":{"code":404,"message":"Not Found"}},"level":"error","message":"Dolibarr API Error 404:","service":"dolibarr-import","status":404,"timestamp":"2025-08-30T15:06:28.931Z","url":"/products/9/stock/correction"}
{"data":{"debug":{"source":"Routes.php:457 at route stage","stages":{"failure":["route","negotiate","message"],"success":["get"]}},"error":{"code":404,"message":"Not Found"}},"level":"error","message":"Dolibarr API Error 404:","service":"dolibarr-import","status":404,"timestamp":"2025-08-30T15:06:29.327Z","url":"/products/10/stock/correction"}
{"data":{"debug":{"source":"Routes.php:457 at route stage","stages":{"failure":["route","negotiate","message"],"success":["get"]}},"error":{"code":404,"message":"Not Found"}},"level":"error","message":"Dolibarr API Error 404:","service":"dolibarr-import","status":404,"timestamp":"2025-08-30T15:06:29.730Z","url":"/products/12/stock/correction"}
{"level":"info","message":"🚀 Backend server running on port 3001","service":"dolibarr-import","timestamp":"2025-08-30T15:07:10.056Z"}
{"level":"info","message":"🌐 Frontend URL: http://localhost:3000","service":"dolibarr-import","timestamp":"2025-08-30T15:07:10.070Z"}
{"level":"info","message":"🔗 Dolibarr API: http://localhost/dolibarr/htdocs/api/index.php/","service":"dolibarr-import","timestamp":"2025-08-30T15:07:10.072Z"}
{"level":"info","message":"POST /api/import/products","service":"dolibarr-import","timestamp":"2025-08-30T15:07:29.367Z"}
{"data":{"debug":{"source":"api_products.class.php:327 at call stage","stages":{"failure":["call","message"],"success":["get","route","negotiate","authenticate","validate"]}},"error":{"0":"ErrorProductAlreadyExists","code":500,"message":"Internal Server Error: Error creating product"}},"level":"error","message":"Dolibarr API Error 500:","service":"dolibarr-import","status":500,"timestamp":"2025-08-30T15:07:29.744Z","url":"/products"}
{"level":"error","message":"Product import error line 1: Internal Server Error: Error creating product","service":"dolibarr-import","stack":"Error: Internal Server Error: Error creating product\n    at DolibarrService.formatError (/home/antema/dolibarr-client/backend/src/services/dolibarrService.js:97:14)\n    at DolibarrService.post (/home/antema/dolibarr-client/backend/src/services/dolibarrService.js:72:18)\n    at process.processTicksAndRejections (node:internal/process/task_queues:105:5)\n    at async importProducts (/home/antema/dolibarr-client/backend/src/controller/importController.js:38:34)","timestamp":"2025-08-30T15:07:29.750Z"}
{"data":{"debug":{"source":"api_products.class.php:327 at call stage","stages":{"failure":["call","message"],"success":["get","route","negotiate","authenticate","validate"]}},"error":{"0":"ErrorProductAlreadyExists","code":500,"message":"Internal Server Error: Error creating product"}},"level":"error","message":"Dolibarr API Error 500:","service":"dolibarr-import","status":500,"timestamp":"2025-08-30T15:07:29.965Z","url":"/products"}
{"level":"error","message":"Product import error line 2: Internal Server Error: Error creating product","service":"dolibarr-import","stack":"Error: Internal Server Error: Error creating product\n    at DolibarrService.formatError (/home/antema/dolibarr-client/backend/src/services/dolibarrService.js:97:14)\n    at DolibarrService.post (/home/antema/dolibarr-client/backend/src/services/dolibarrService.js:72:18)\n    at process.processTicksAndRejections (node:internal/process/task_queues:105:5)\n    at async importProducts (/home/antema/dolibarr-client/backend/src/controller/importController.js:38:34)","timestamp":"2025-08-30T15:07:29.967Z"}
{"data":{"debug":{"source":"api_products.class.php:327 at call stage","stages":{"failure":["call","message"],"success":["get","route","negotiate","authenticate","validate"]}},"error":{"0":"ErrorProductAlreadyExists","code":500,"message":"Internal Server Error: Error creating product"}},"level":"error","message":"Dolibarr API Error 500:","service":"dolibarr-import","status":500,"timestamp":"2025-08-30T15:07:30.150Z","url":"/products"}
{"level":"error","message":"Product import error line 3: Internal Server Error: Error creating product","service":"dolibarr-import","stack":"Error: Internal Server Error: Error creating product\n    at DolibarrService.formatError (/home/antema/dolibarr-client/backend/src/services/dolibarrService.js:97:14)\n    at DolibarrService.post (/home/antema/dolibarr-client/backend/src/services/dolibarrService.js:72:18)\n    at process.processTicksAndRejections (node:internal/process/task_queues:105:5)\n    at async importProducts (/home/antema/dolibarr-client/backend/src/controller/importController.js:38:34)","timestamp":"2025-08-30T15:07:30.151Z"}
{"data":{"debug":{"source":"api_products.class.php:327 at call stage","stages":{"failure":["call","message"],"success":["get","route","negotiate","authenticate","validate"]}},"error":{"0":"ErrorProductAlreadyExists","code":500,"message":"Internal Server Error: Error creating product"}},"level":"error","message":"Dolibarr API Error 500:","service":"dolibarr-import","status":500,"timestamp":"2025-08-30T15:07:30.380Z","url":"/products"}
{"level":"error","message":"Product import error line 4: Internal Server Error: Error creating product","service":"dolibarr-import","stack":"Error: Internal Server Error: Error creating product\n    at DolibarrService.formatError (/home/antema/dolibarr-client/backend/src/services/dolibarrService.js:97:14)\n    at DolibarrService.post (/home/antema/dolibarr-client/backend/src/services/dolibarrService.js:72:18)\n    at process.processTicksAndRejections (node:internal/process/task_queues:105:5)\n    at async importProducts (/home/antema/dolibarr-client/backend/src/controller/importController.js:38:34)","timestamp":"2025-08-30T15:07:30.381Z"}
{"data":{"debug":{"source":"api_products.class.php:327 at call stage","stages":{"failure":["call","message"],"success":["get","route","negotiate","authenticate","validate"]}},"error":{"0":"ErrorProductAlreadyExists","code":500,"message":"Internal Server Error: Error creating product"}},"level":"error","message":"Dolibarr API Error 500:","service":"dolibarr-import","status":500,"timestamp":"2025-08-30T15:07:30.679Z","url":"/products"}
{"level":"error","message":"Product import error line 5: Internal Server Error: Error creating product","service":"dolibarr-import","stack":"Error: Internal Server Error: Error creating product\n    at DolibarrService.formatError (/home/antema/dolibarr-client/backend/src/services/dolibarrService.js:97:14)\n    at DolibarrService.post (/home/antema/dolibarr-client/backend/src/services/dolibarrService.js:72:18)\n    at process.processTicksAndRejections (node:internal/process/task_queues:105:5)\n    at async importProducts (/home/antema/dolibarr-client/backend/src/controller/importController.js:38:34)","timestamp":"2025-08-30T15:07:30.701Z"}
{"level":"info","message":"🚀 Backend server running on port 3001","service":"dolibarr-import","timestamp":"2025-08-30T15:21:37.090Z"}
{"level":"info","message":"🌐 Frontend URL: http://localhost:3000","service":"dolibarr-import","timestamp":"2025-08-30T15:21:37.095Z"}
{"level":"info","message":"🔗 Dolibarr API: http://localhost/dolibarr/htdocs/api/index.php/","service":"dolibarr-import","timestamp":"2025-08-30T15:21:37.096Z"}
{"level":"info","message":"POST /api/import/products","service":"dolibarr-import","timestamp":"2025-08-30T15:22:01.923Z"}
{"level":"info","message":"Dolibarr GET request: http://localhost/dolibarr/htdocs/api/index.php//products?ref=P1","service":"dolibarr-import","timestamp":"2025-08-30T15:22:01.936Z"}
{"level":"info","message":"Dolibarr GET request: http://localhost/dolibarr/htdocs/api/index.php//products?ref=P2","service":"dolibarr-import","timestamp":"2025-08-30T15:22:02.384Z"}
{"level":"info","message":"Dolibarr GET request: http://localhost/dolibarr/htdocs/api/index.php//products?ref=PF1","service":"dolibarr-import","timestamp":"2025-08-30T15:22:02.496Z"}
{"level":"info","message":"Dolibarr GET request: http://localhost/dolibarr/htdocs/api/index.php//products?ref=P3","service":"dolibarr-import","timestamp":"2025-08-30T15:22:02.583Z"}
{"level":"info","message":"Dolibarr GET request: http://localhost/dolibarr/htdocs/api/index.php//products?ref=PF2","service":"dolibarr-import","timestamp":"2025-08-30T15:22:02.669Z"}
{"level":"info","message":"GET /api/reset/confirm","service":"dolibarr-import","timestamp":"2025-08-30T15:23:52.745Z"}
{"level":"info","message":"Dolibarr GET request: http://localhost/dolibarr/htdocs/api/index.php//mos","service":"dolibarr-import","timestamp":"2025-08-30T15:23:52.747Z"}
{"level":"info","message":"Dolibarr GET request: http://localhost/dolibarr/htdocs/api/index.php//products","service":"dolibarr-import","timestamp":"2025-08-30T15:23:53.011Z"}
{"level":"info","message":"Dolibarr GET request: http://localhost/dolibarr/htdocs/api/index.php//boms","service":"dolibarr-import","timestamp":"2025-08-30T15:23:53.159Z"}
{"level":"info","message":"DELETE /api/reset/all","service":"dolibarr-import","timestamp":"2025-08-30T15:23:59.828Z"}
{"level":"info","message":"Début de la réinitialisation des données Dolibarr (tout ou rien)","service":"dolibarr-import","timestamp":"2025-08-30T15:23:59.830Z"}
{"level":"info","message":"Récupération des ordres de fabrication...","service":"dolibarr-import","timestamp":"2025-08-30T15:23:59.830Z"}
{"level":"info","message":"Dolibarr GET request: http://localhost/dolibarr/htdocs/api/index.php//mos","service":"dolibarr-import","timestamp":"2025-08-30T15:23:59.831Z"}
{"level":"info","message":"Récupération des BOMs...","service":"dolibarr-import","timestamp":"2025-08-30T15:23:59.955Z"}
{"level":"info","message":"Dolibarr GET request: http://localhost/dolibarr/htdocs/api/index.php//boms","service":"dolibarr-import","timestamp":"2025-08-30T15:23:59.956Z"}
{"level":"info","message":"Récupération des produits...","service":"dolibarr-import","timestamp":"2025-08-30T15:24:00.006Z"}
{"level":"info","message":"Dolibarr GET request: http://localhost/dolibarr/htdocs/api/index.php//products","service":"dolibarr-import","timestamp":"2025-08-30T15:24:00.006Z"}
{"level":"info","message":"Dolibarr GET request: http://localhost/dolibarr/htdocs/api/index.php//products/9/stock","service":"dolibarr-import","timestamp":"2025-08-30T15:24:00.109Z"}
{"level":"info","message":"Dolibarr GET request: http://localhost/dolibarr/htdocs/api/index.php//products/10/stock","service":"dolibarr-import","timestamp":"2025-08-30T15:24:00.226Z"}
{"level":"info","message":"Dolibarr GET request: http://localhost/dolibarr/htdocs/api/index.php//products/12/stock","service":"dolibarr-import","timestamp":"2025-08-30T15:24:00.322Z"}
{"level":"info","message":"Dolibarr GET request: http://localhost/dolibarr/htdocs/api/index.php//products/11/stock","service":"dolibarr-import","timestamp":"2025-08-30T15:24:00.403Z"}
{"level":"info","message":"Dolibarr GET request: http://localhost/dolibarr/htdocs/api/index.php//products/13/stock","service":"dolibarr-import","timestamp":"2025-08-30T15:24:00.502Z"}
{"level":"info","message":"Suppression des ordres de fabrication...","service":"dolibarr-import","timestamp":"2025-08-30T15:24:00.587Z"}
{"level":"info","message":"Suppression des BOMs...","service":"dolibarr-import","timestamp":"2025-08-30T15:24:00.588Z"}
{"level":"info","message":"Réinitialisation des stocks...","service":"dolibarr-import","timestamp":"2025-08-30T15:24:00.588Z"}
{"level":"error","message":"Erreur détectée, restauration des données...","service":"dolibarr-import","timestamp":"2025-08-30T15:24:00.589Z"}
{"data":{"debug":{"source":"api_products.class.php:327 at call stage","stages":{"failure":["call","message"],"success":["get","route","negotiate","authenticate","validate"]}},"error":{"0":"ErrorProductAlreadyExists","code":500,"message":"Internal Server Error: Error creating product"}},"level":"error","message":"Dolibarr API Error 500:","service":"dolibarr-import","status":500,"timestamp":"2025-08-30T15:24:00.660Z","url":"/products"}
{"level":"error","message":"Erreur lors de la restauration des données: Internal Server Error: Error creating product","service":"dolibarr-import","stack":"Error: Internal Server Error: Error creating product\n    at DolibarrService.formatError (/home/antema/dolibarr-client/backend/src/services/dolibarrService.js:97:14)\n    at DolibarrService.post (/home/antema/dolibarr-client/backend/src/services/dolibarrService.js:72:18)\n    at process.processTicksAndRejections (node:internal/process/task_queues:105:5)\n    at async resetAllData (/home/antema/dolibarr-client/backend/src/controller/resetController.js:83:11)","timestamp":"2025-08-30T15:24:00.669Z"}
{"level":"info","message":"🚀 Backend server running on port 3001","service":"dolibarr-import","timestamp":"2025-08-30T15:36:29.035Z"}
{"level":"info","message":"🌐 Frontend URL: http://localhost:3000","service":"dolibarr-import","timestamp":"2025-08-30T15:36:29.040Z"}
{"level":"info","message":"🔗 Dolibarr API: http://localhost/dolibarr/htdocs/api/index.php/","service":"dolibarr-import","timestamp":"2025-08-30T15:36:29.042Z"}
{"level":"info","message":"POST /api/importAll","service":"dolibarr-import","timestamp":"2025-08-30T15:37:49.432Z"}
{"level":"info","message":"POST /api/importAll","service":"dolibarr-import","timestamp":"2025-08-30T15:38:16.339Z"}
{"level":"info","message":"POST /api/import/importAll","service":"dolibarr-import","timestamp":"2025-08-30T15:38:42.350Z"}
{"level":"info","message":"Dolibarr GET request: http://localhost/dolibarr/htdocs/api/index.php//products?ref=P1","service":"dolibarr-import","timestamp":"2025-08-30T15:38:42.369Z"}
{"level":"error","message":"Import all (products+BOMs) failed: Product line 1 already exists (ref=P1)","service":"dolibarr-import","stack":"Error: Product line 1 already exists (ref=P1)\n    at importAll (/home/antema/dolibarr-client/backend/src/controller/importController.js:48:17)\n    at process.processTicksAndRejections (node:internal/process/task_queues:105:5)","timestamp":"2025-08-30T15:38:42.602Z"}
{"level":"info","message":"GET /api/reset/confirm","service":"dolibarr-import","timestamp":"2025-08-30T15:38:55.756Z"}
{"level":"info","message":"Dolibarr GET request: http://localhost/dolibarr/htdocs/api/index.php//mos","service":"dolibarr-import","timestamp":"2025-08-30T15:38:55.758Z"}
{"level":"info","message":"Dolibarr GET request: http://localhost/dolibarr/htdocs/api/index.php//products","service":"dolibarr-import","timestamp":"2025-08-30T15:38:55.924Z"}
{"level":"info","message":"Dolibarr GET request: http://localhost/dolibarr/htdocs/api/index.php//boms","service":"dolibarr-import","timestamp":"2025-08-30T15:38:56.004Z"}
{"level":"info","message":"DELETE /api/reset/all","service":"dolibarr-import","timestamp":"2025-08-30T15:38:58.476Z"}
{"level":"info","message":"Début de la réinitialisation des données Dolibarr (tout ou rien)","service":"dolibarr-import","timestamp":"2025-08-30T15:38:58.478Z"}
{"level":"info","message":"Récupération des ordres de fabrication...","service":"dolibarr-import","timestamp":"2025-08-30T15:38:58.478Z"}
{"level":"info","message":"Dolibarr GET request: http://localhost/dolibarr/htdocs/api/index.php//mos","service":"dolibarr-import","timestamp":"2025-08-30T15:38:58.479Z"}
{"level":"info","message":"Récupération des BOMs...","service":"dolibarr-import","timestamp":"2025-08-30T15:38:58.602Z"}
{"level":"info","message":"Dolibarr GET request: http://localhost/dolibarr/htdocs/api/index.php//boms","service":"dolibarr-import","timestamp":"2025-08-30T15:38:58.603Z"}
{"level":"info","message":"Récupération des produits...","service":"dolibarr-import","timestamp":"2025-08-30T15:38:58.679Z"}
{"level":"info","message":"Dolibarr GET request: http://localhost/dolibarr/htdocs/api/index.php//products","service":"dolibarr-import","timestamp":"2025-08-30T15:38:58.680Z"}
{"level":"info","message":"Dolibarr GET request: http://localhost/dolibarr/htdocs/api/index.php//products/9/stock","service":"dolibarr-import","timestamp":"2025-08-30T15:38:58.777Z"}
{"level":"info","message":"Dolibarr GET request: http://localhost/dolibarr/htdocs/api/index.php//products/10/stock","service":"dolibarr-import","timestamp":"2025-08-30T15:38:58.866Z"}
{"level":"info","message":"Dolibarr GET request: http://localhost/dolibarr/htdocs/api/index.php//products/12/stock","service":"dolibarr-import","timestamp":"2025-08-30T15:38:59.017Z"}
{"level":"info","message":"Dolibarr GET request: http://localhost/dolibarr/htdocs/api/index.php//products/11/stock","service":"dolibarr-import","timestamp":"2025-08-30T15:38:59.103Z"}
{"level":"info","message":"Dolibarr GET request: http://localhost/dolibarr/htdocs/api/index.php//products/13/stock","service":"dolibarr-import","timestamp":"2025-08-30T15:38:59.180Z"}
{"level":"info","message":"Suppression des ordres de fabrication...","service":"dolibarr-import","timestamp":"2025-08-30T15:38:59.269Z"}
{"level":"info","message":"Suppression des BOMs...","service":"dolibarr-import","timestamp":"2025-08-30T15:38:59.270Z"}
{"level":"info","message":"Réinitialisation des stocks...","service":"dolibarr-import","timestamp":"2025-08-30T15:38:59.270Z"}
{"level":"error","message":"Erreur détectée, restauration des données...","service":"dolibarr-import","timestamp":"2025-08-30T15:38:59.273Z"}
{"data":{"debug":{"source":"api_products.class.php:327 at call stage","stages":{"failure":["call","message"],"success":["get","route","negotiate","authenticate","validate"]}},"error":{"0":"ErrorProductAlreadyExists","code":500,"message":"Internal Server Error: Error creating product"}},"level":"error","message":"Dolibarr API Error 500:","service":"dolibarr-import","status":500,"timestamp":"2025-08-30T15:38:59.349Z","url":"/products"}
{"level":"error","message":"Erreur lors de la restauration des données: Internal Server Error: Error creating product","service":"dolibarr-import","stack":"Error: Internal Server Error: Error creating product\n    at DolibarrService.formatError (/home/antema/dolibarr-client/backend/src/services/dolibarrService.js:97:14)\n    at DolibarrService.post (/home/antema/dolibarr-client/backend/src/services/dolibarrService.js:72:18)\n    at process.processTicksAndRejections (node:internal/process/task_queues:105:5)\n    at async resetAllData (/home/antema/dolibarr-client/backend/src/controller/resetController.js:83:11)","timestamp":"2025-08-30T15:38:59.351Z"}
{"level":"info","message":"🚀 Backend server running on port 3001","service":"dolibarr-import","timestamp":"2025-08-30T15:42:17.466Z"}
{"level":"info","message":"🌐 Frontend URL: http://localhost:3000","service":"dolibarr-import","timestamp":"2025-08-30T15:42:17.471Z"}
{"level":"info","message":"🔗 Dolibarr API: http://localhost/dolibarr/htdocs/api/index.php/","service":"dolibarr-import","timestamp":"2025-08-30T15:42:17.475Z"}
{"level":"info","message":"GET /api/reset/confirm","service":"dolibarr-import","timestamp":"2025-08-30T15:42:23.956Z"}
{"level":"info","message":"Dolibarr GET request: http://localhost/dolibarr/htdocs/api/index.php//mos","service":"dolibarr-import","timestamp":"2025-08-30T15:42:23.958Z"}
{"level":"info","message":"Dolibarr GET request: http://localhost/dolibarr/htdocs/api/index.php//products","service":"dolibarr-import","timestamp":"2025-08-30T15:42:24.146Z"}
{"level":"info","message":"Dolibarr GET request: http://localhost/dolibarr/htdocs/api/index.php//boms","service":"dolibarr-import","timestamp":"2025-08-30T15:42:24.232Z"}
{"level":"info","message":"DELETE /api/reset/all","service":"dolibarr-import","timestamp":"2025-08-30T15:42:26.497Z"}
{"level":"info","message":"Début de la réinitialisation des données Dolibarr (tout ou rien)","service":"dolibarr-import","timestamp":"2025-08-30T15:42:26.499Z"}
{"level":"info","message":"Récupération des ordres de fabrication...","service":"dolibarr-import","timestamp":"2025-08-30T15:42:26.500Z"}
{"level":"info","message":"Dolibarr GET request: http://localhost/dolibarr/htdocs/api/index.php//mos","service":"dolibarr-import","timestamp":"2025-08-30T15:42:26.501Z"}
{"level":"info","message":"Récupération des BOMs...","service":"dolibarr-import","timestamp":"2025-08-30T15:42:26.598Z"}
{"level":"info","message":"Dolibarr GET request: http://localhost/dolibarr/htdocs/api/index.php//boms","service":"dolibarr-import","timestamp":"2025-08-30T15:42:26.598Z"}
{"level":"info","message":"Récupération des produits...","service":"dolibarr-import","timestamp":"2025-08-30T15:42:26.665Z"}
{"level":"info","message":"Dolibarr GET request: http://localhost/dolibarr/htdocs/api/index.php//products","service":"dolibarr-import","timestamp":"2025-08-30T15:42:26.666Z"}
{"level":"info","message":"Dolibarr GET request: http://localhost/dolibarr/htdocs/api/index.php//products/9/stock","service":"dolibarr-import","timestamp":"2025-08-30T15:42:26.748Z"}
{"level":"info","message":"Dolibarr GET request: http://localhost/dolibarr/htdocs/api/index.php//products/10/stock","service":"dolibarr-import","timestamp":"2025-08-30T15:42:26.869Z"}
{"level":"info","message":"Dolibarr GET request: http://localhost/dolibarr/htdocs/api/index.php//products/12/stock","service":"dolibarr-import","timestamp":"2025-08-30T15:42:26.975Z"}
{"level":"info","message":"Dolibarr GET request: http://localhost/dolibarr/htdocs/api/index.php//products/11/stock","service":"dolibarr-import","timestamp":"2025-08-30T15:42:27.083Z"}
{"level":"info","message":"Dolibarr GET request: http://localhost/dolibarr/htdocs/api/index.php//products/13/stock","service":"dolibarr-import","timestamp":"2025-08-30T15:42:27.180Z"}
{"level":"info","message":"Suppression des ordres de fabrication...","service":"dolibarr-import","timestamp":"2025-08-30T15:42:27.250Z"}
{"level":"info","message":"Suppression des BOMs...","service":"dolibarr-import","timestamp":"2025-08-30T15:42:27.251Z"}
{"level":"info","message":"Suppression des produits...","service":"dolibarr-import","timestamp":"2025-08-30T15:42:27.251Z"}
{"level":"info","message":"Réinitialisation des stocks...","service":"dolibarr-import","timestamp":"2025-08-30T15:42:28.100Z"}
{"level":"error","message":"Erreur détectée, restauration des données...","service":"dolibarr-import","timestamp":"2025-08-30T15:42:28.101Z"}
{"level":"info","message":"Dolibarr GET request: http://localhost/dolibarr/htdocs/api/index.php//products/9","service":"dolibarr-import","timestamp":"2025-08-30T15:42:28.102Z"}
{"data":{"debug":{"source":"api_products.class.php:2144 at call stage","stages":{"failure":["call","message"],"success":["get","route","negotiate","authenticate","validate"]}},"error":{"code":404,"message":"Not Found: Product not found"}},"level":"error","message":"Dolibarr API Error 404:","service":"dolibarr-import","status":404,"timestamp":"2025-08-30T15:42:28.169Z","url":"/products/9"}
{"level":"info","message":"Dolibarr GET request: http://localhost/dolibarr/htdocs/api/index.php//products/10","service":"dolibarr-import","timestamp":"2025-08-30T15:42:28.304Z"}
{"data":{"debug":{"source":"api_products.class.php:2144 at call stage","stages":{"failure":["call","message"],"success":["get","route","negotiate","authenticate","validate"]}},"error":{"code":404,"message":"Not Found: Product not found"}},"level":"error","message":"Dolibarr API Error 404:","service":"dolibarr-import","status":404,"timestamp":"2025-08-30T15:42:28.387Z","url":"/products/10"}
{"level":"info","message":"Dolibarr GET request: http://localhost/dolibarr/htdocs/api/index.php//products/12","service":"dolibarr-import","timestamp":"2025-08-30T15:42:28.503Z"}
{"data":{"debug":{"source":"api_products.class.php:2144 at call stage","stages":{"failure":["call","message"],"success":["get","route","negotiate","authenticate","validate"]}},"error":{"code":404,"message":"Not Found: Product not found"}},"level":"error","message":"Dolibarr API Error 404:","service":"dolibarr-import","status":404,"timestamp":"2025-08-30T15:42:28.572Z","url":"/products/12"}
{"level":"info","message":"Dolibarr GET request: http://localhost/dolibarr/htdocs/api/index.php//products/11","service":"dolibarr-import","timestamp":"2025-08-30T15:42:28.683Z"}
{"data":{"debug":{"source":"api_products.class.php:2144 at call stage","stages":{"failure":["call","message"],"success":["get","route","negotiate","authenticate","validate"]}},"error":{"code":404,"message":"Not Found: Product not found"}},"level":"error","message":"Dolibarr API Error 404:","service":"dolibarr-import","status":404,"timestamp":"2025-08-30T15:42:28.758Z","url":"/products/11"}
{"level":"info","message":"Dolibarr GET request: http://localhost/dolibarr/htdocs/api/index.php//products/13","service":"dolibarr-import","timestamp":"2025-08-30T15:42:28.870Z"}
{"data":{"debug":{"source":"api_products.class.php:2144 at call stage","stages":{"failure":["call","message"],"success":["get","route","negotiate","authenticate","validate"]}},"error":{"code":404,"message":"Not Found: Product not found"}},"level":"error","message":"Dolibarr API Error 404:","service":"dolibarr-import","status":404,"timestamp":"2025-08-30T15:42:28.935Z","url":"/products/13"}
{"level":"error","message":"Erreur lors de la restauration des données: stockEntry.stock is not iterable","service":"dolibarr-import","stack":"TypeError: stockEntry.stock is not iterable\n    at resetAllData (/home/antema/dolibarr-client/backend/src/controller/resetController.js:128:42)\n    at process.processTicksAndRejections (node:internal/process/task_queues:105:5)","timestamp":"2025-08-30T15:42:29.049Z"}
{"level":"info","message":"🚀 Backend server running on port 3001","service":"dolibarr-import","timestamp":"2025-08-30T15:42:59.306Z"}
{"level":"info","message":"🌐 Frontend URL: http://localhost:3000","service":"dolibarr-import","timestamp":"2025-08-30T15:42:59.311Z"}
{"level":"info","message":"🔗 Dolibarr API: http://localhost/dolibarr/htdocs/api/index.php/","service":"dolibarr-import","timestamp":"2025-08-30T15:42:59.317Z"}
{"level":"info","message":"GET /api/reset/confirm","service":"dolibarr-import","timestamp":"2025-08-30T15:43:12.738Z"}
{"level":"info","message":"Dolibarr GET request: http://localhost/dolibarr/htdocs/api/index.php//mos","service":"dolibarr-import","timestamp":"2025-08-30T15:43:12.740Z"}
{"level":"info","message":"Dolibarr GET request: http://localhost/dolibarr/htdocs/api/index.php//products","service":"dolibarr-import","timestamp":"2025-08-30T15:43:12.969Z"}
{"level":"info","message":"Dolibarr GET request: http://localhost/dolibarr/htdocs/api/index.php//boms","service":"dolibarr-import","timestamp":"2025-08-30T15:43:13.074Z"}
{"level":"info","message":"DELETE /api/reset/all","service":"dolibarr-import","timestamp":"2025-08-30T15:43:15.436Z"}
{"level":"info","message":"Début de la réinitialisation des données Dolibarr (tout ou rien)","service":"dolibarr-import","timestamp":"2025-08-30T15:43:15.438Z"}
{"level":"info","message":"Récupération des ordres de fabrication...","service":"dolibarr-import","timestamp":"2025-08-30T15:43:15.439Z"}
{"level":"info","message":"Dolibarr GET request: http://localhost/dolibarr/htdocs/api/index.php//mos","service":"dolibarr-import","timestamp":"2025-08-30T15:43:15.439Z"}
{"level":"info","message":"Récupération des BOMs...","service":"dolibarr-import","timestamp":"2025-08-30T15:43:15.512Z"}
{"level":"info","message":"Dolibarr GET request: http://localhost/dolibarr/htdocs/api/index.php//boms","service":"dolibarr-import","timestamp":"2025-08-30T15:43:15.521Z"}
{"level":"info","message":"Récupération des produits...","service":"dolibarr-import","timestamp":"2025-08-30T15:43:15.639Z"}
{"level":"info","message":"Dolibarr GET request: http://localhost/dolibarr/htdocs/api/index.php//products","service":"dolibarr-import","timestamp":"2025-08-30T15:43:15.640Z"}
{"level":"info","message":"Dolibarr GET request: http://localhost/dolibarr/htdocs/api/index.php//products/14/stock","service":"dolibarr-import","timestamp":"2025-08-30T15:43:15.719Z"}
{"level":"info","message":"Dolibarr GET request: http://localhost/dolibarr/htdocs/api/index.php//products/15/stock","service":"dolibarr-import","timestamp":"2025-08-30T15:43:15.810Z"}
{"level":"info","message":"Dolibarr GET request: http://localhost/dolibarr/htdocs/api/index.php//products/16/stock","service":"dolibarr-import","timestamp":"2025-08-30T15:43:15.875Z"}
{"level":"info","message":"Dolibarr GET request: http://localhost/dolibarr/htdocs/api/index.php//products/17/stock","service":"dolibarr-import","timestamp":"2025-08-30T15:43:15.988Z"}
{"level":"info","message":"Dolibarr GET request: http://localhost/dolibarr/htdocs/api/index.php//products/18/stock","service":"dolibarr-import","timestamp":"2025-08-30T15:43:16.076Z"}
{"level":"info","message":"Suppression des ordres de fabrication...","service":"dolibarr-import","timestamp":"2025-08-30T15:43:16.173Z"}
{"level":"info","message":"Suppression des BOMs...","service":"dolibarr-import","timestamp":"2025-08-30T15:43:16.174Z"}
{"level":"info","message":"Suppression des produits...","service":"dolibarr-import","timestamp":"2025-08-30T15:43:16.174Z"}
{"level":"info","message":"Réinitialisation des stocks...","service":"dolibarr-import","timestamp":"2025-08-30T15:43:17.166Z"}
{"level":"error","message":"Erreur détectée, restauration des données...","service":"dolibarr-import","timestamp":"2025-08-30T15:43:17.167Z"}
{"level":"info","message":"Dolibarr GET request: http://localhost/dolibarr/htdocs/api/index.php//products/14","service":"dolibarr-import","timestamp":"2025-08-30T15:43:17.167Z"}
{"data":{"debug":{"source":"api_products.class.php:2144 at call stage","stages":{"failure":["call","message"],"success":["get","route","negotiate","authenticate","validate"]}},"error":{"code":404,"message":"Not Found: Product not found"}},"level":"error","message":"Dolibarr API Error 404:","service":"dolibarr-import","status":404,"timestamp":"2025-08-30T15:43:17.235Z","url":"/products/14"}
{"level":"info","message":"Dolibarr GET request: http://localhost/dolibarr/htdocs/api/index.php//products/15","service":"dolibarr-import","timestamp":"2025-08-30T15:43:17.368Z"}
{"data":{"debug":{"source":"api_products.class.php:2144 at call stage","stages":{"failure":["call","message"],"success":["get","route","negotiate","authenticate","validate"]}},"error":{"code":404,"message":"Not Found: Product not found"}},"level":"error","message":"Dolibarr API Error 404:","service":"dolibarr-import","status":404,"timestamp":"2025-08-30T15:43:17.454Z","url":"/products/15"}
{"level":"info","message":"Dolibarr GET request: http://localhost/dolibarr/htdocs/api/index.php//products/16","service":"dolibarr-import","timestamp":"2025-08-30T15:43:17.565Z"}
{"data":{"debug":{"source":"api_products.class.php:2144 at call stage","stages":{"failure":["call","message"],"success":["get","route","negotiate","authenticate","validate"]}},"error":{"code":404,"message":"Not Found: Product not found"}},"level":"error","message":"Dolibarr API Error 404:","service":"dolibarr-import","status":404,"timestamp":"2025-08-30T15:43:17.633Z","url":"/products/16"}
{"level":"info","message":"Dolibarr GET request: http://localhost/dolibarr/htdocs/api/index.php//products/17","service":"dolibarr-import","timestamp":"2025-08-30T15:43:17.737Z"}
{"data":{"debug":{"source":"api_products.class.php:2144 at call stage","stages":{"failure":["call","message"],"success":["get","route","negotiate","authenticate","validate"]}},"error":{"code":404,"message":"Not Found: Product not found"}},"level":"error","message":"Dolibarr API Error 404:","service":"dolibarr-import","status":404,"timestamp":"2025-08-30T15:43:17.806Z","url":"/products/17"}
{"level":"info","message":"Dolibarr GET request: http://localhost/dolibarr/htdocs/api/index.php//products/18","service":"dolibarr-import","timestamp":"2025-08-30T15:43:17.907Z"}
{"data":{"debug":{"source":"api_products.class.php:2144 at call stage","stages":{"failure":["call","message"],"success":["get","route","negotiate","authenticate","validate"]}},"error":{"code":404,"message":"Not Found: Product not found"}},"level":"error","message":"Dolibarr API Error 404:","service":"dolibarr-import","status":404,"timestamp":"2025-08-30T15:43:17.974Z","url":"/products/18"}
{"level":"error","message":"Erreur lors de la restauration des données: stockEntry.stock is not iterable","service":"dolibarr-import","stack":"TypeError: stockEntry.stock is not iterable\n    at resetAllData (/home/antema/dolibarr-client/backend/src/controller/resetController.js:128:42)\n    at process.processTicksAndRejections (node:internal/process/task_queues:105:5)","timestamp":"2025-08-30T15:43:18.089Z"}
{"level":"info","message":"🚀 Backend server running on port 3001","service":"dolibarr-import","timestamp":"2025-08-30T15:44:59.743Z"}
{"level":"info","message":"🌐 Frontend URL: http://localhost:3000","service":"dolibarr-import","timestamp":"2025-08-30T15:44:59.748Z"}
{"level":"info","message":"🔗 Dolibarr API: http://localhost/dolibarr/htdocs/api/index.php","service":"dolibarr-import","timestamp":"2025-08-30T15:44:59.757Z"}
{"level":"info","message":"GET /api/reset/confirm","service":"dolibarr-import","timestamp":"2025-08-30T15:45:05.279Z"}
{"level":"info","message":"Dolibarr GET request: http://localhost/dolibarr/htdocs/api/index.php/mos","service":"dolibarr-import","timestamp":"2025-08-30T15:45:05.282Z"}
{"level":"info","message":"Dolibarr GET request: http://localhost/dolibarr/htdocs/api/index.php/products","service":"dolibarr-import","timestamp":"2025-08-30T15:45:05.494Z"}
{"level":"info","message":"Dolibarr GET request: http://localhost/dolibarr/htdocs/api/index.php/boms","service":"dolibarr-import","timestamp":"2025-08-30T15:45:05.618Z"}
{"level":"info","message":"DELETE /api/reset/all","service":"dolibarr-import","timestamp":"2025-08-30T15:45:07.390Z"}
{"level":"info","message":"Début de la réinitialisation des données Dolibarr (tout ou rien)","service":"dolibarr-import","timestamp":"2025-08-30T15:45:07.391Z"}
{"level":"info","message":"Récupération des ordres de fabrication...","service":"dolibarr-import","timestamp":"2025-08-30T15:45:07.392Z"}
{"level":"info","message":"Dolibarr GET request: http://localhost/dolibarr/htdocs/api/index.php/mos","service":"dolibarr-import","timestamp":"2025-08-30T15:45:07.392Z"}
{"level":"info","message":"Récupération des BOMs...","service":"dolibarr-import","timestamp":"2025-08-30T15:45:07.477Z"}
{"level":"info","message":"Dolibarr GET request: http://localhost/dolibarr/htdocs/api/index.php/boms","service":"dolibarr-import","timestamp":"2025-08-30T15:45:07.478Z"}
{"level":"info","message":"Récupération des produits...","service":"dolibarr-import","timestamp":"2025-08-30T15:45:07.549Z"}
{"level":"info","message":"Dolibarr GET request: http://localhost/dolibarr/htdocs/api/index.php/products","service":"dolibarr-import","timestamp":"2025-08-30T15:45:07.549Z"}
{"level":"info","message":"Dolibarr GET request: http://localhost/dolibarr/htdocs/api/index.php/products/19/stock","service":"dolibarr-import","timestamp":"2025-08-30T15:45:07.640Z"}
{"level":"info","message":"Dolibarr GET request: http://localhost/dolibarr/htdocs/api/index.php/products/20/stock","service":"dolibarr-import","timestamp":"2025-08-30T15:45:07.722Z"}
{"level":"info","message":"Dolibarr GET request: http://localhost/dolibarr/htdocs/api/index.php/products/21/stock","service":"dolibarr-import","timestamp":"2025-08-30T15:45:07.800Z"}
{"level":"info","message":"Dolibarr GET request: http://localhost/dolibarr/htdocs/api/index.php/products/22/stock","service":"dolibarr-import","timestamp":"2025-08-30T15:45:07.873Z"}
{"level":"info","message":"Dolibarr GET request: http://localhost/dolibarr/htdocs/api/index.php/products/23/stock","service":"dolibarr-import","timestamp":"2025-08-30T15:45:07.973Z"}
{"level":"info","message":"Suppression des ordres de fabrication...","service":"dolibarr-import","timestamp":"2025-08-30T15:45:08.115Z"}
{"level":"info","message":"Suppression des BOMs...","service":"dolibarr-import","timestamp":"2025-08-30T15:45:08.116Z"}
{"level":"info","message":"Suppression des produits...","service":"dolibarr-import","timestamp":"2025-08-30T15:45:08.116Z"}
{"level":"info","message":"Réinitialisation des stocks...","service":"dolibarr-import","timestamp":"2025-08-30T15:45:08.855Z"}
{"level":"error","message":"Erreur détectée, restauration des données...","service":"dolibarr-import","timestamp":"2025-08-30T15:45:08.856Z"}
{"level":"info","message":"Dolibarr GET request: http://localhost/dolibarr/htdocs/api/index.php/products/19","service":"dolibarr-import","timestamp":"2025-08-30T15:45:08.856Z"}
{"data":{"debug":{"source":"api_products.class.php:2144 at call stage","stages":{"failure":["call","message"],"success":["get","route","negotiate","authenticate","validate"]}},"error":{"code":404,"message":"Not Found: Product not found"}},"level":"error","message":"Dolibarr API Error 404:","service":"dolibarr-import","status":404,"timestamp":"2025-08-30T15:45:08.971Z","url":"/products/19"}
{"level":"info","message":"Dolibarr GET request: http://localhost/dolibarr/htdocs/api/index.php/products/20","service":"dolibarr-import","timestamp":"2025-08-30T15:45:09.157Z"}
{"data":{"debug":{"source":"api_products.class.php:2144 at call stage","stages":{"failure":["call","message"],"success":["get","route","negotiate","authenticate","validate"]}},"error":{"code":404,"message":"Not Found: Product not found"}},"level":"error","message":"Dolibarr API Error 404:","service":"dolibarr-import","status":404,"timestamp":"2025-08-30T15:45:09.255Z","url":"/products/20"}
{"level":"info","message":"Dolibarr GET request: http://localhost/dolibarr/htdocs/api/index.php/products/21","service":"dolibarr-import","timestamp":"2025-08-30T15:45:09.361Z"}
{"data":{"debug":{"source":"api_products.class.php:2144 at call stage","stages":{"failure":["call","message"],"success":["get","route","negotiate","authenticate","validate"]}},"error":{"code":404,"message":"Not Found: Product not found"}},"level":"error","message":"Dolibarr API Error 404:","service":"dolibarr-import","status":404,"timestamp":"2025-08-30T15:45:09.440Z","url":"/products/21"}
{"level":"info","message":"Dolibarr GET request: http://localhost/dolibarr/htdocs/api/index.php/products/22","service":"dolibarr-import","timestamp":"2025-08-30T15:45:09.549Z"}
{"data":{"debug":{"source":"api_products.class.php:2144 at call stage","stages":{"failure":["call","message"],"success":["get","route","negotiate","authenticate","validate"]}},"error":{"code":404,"message":"Not Found: Product not found"}},"level":"error","message":"Dolibarr API Error 404:","service":"dolibarr-import","status":404,"timestamp":"2025-08-30T15:45:09.617Z","url":"/products/22"}
{"level":"info","message":"Dolibarr GET request: http://localhost/dolibarr/htdocs/api/index.php/products/23","service":"dolibarr-import","timestamp":"2025-08-30T15:45:09.733Z"}
{"data":{"debug":{"source":"api_products.class.php:2144 at call stage","stages":{"failure":["call","message"],"success":["get","route","negotiate","authenticate","validate"]}},"error":{"code":404,"message":"Not Found: Product not found"}},"level":"error","message":"Dolibarr API Error 404:","service":"dolibarr-import","status":404,"timestamp":"2025-08-30T15:45:09.798Z","url":"/products/23"}
{"level":"error","message":"Erreur lors de la restauration des données: stockEntry.stock is not iterable","service":"dolibarr-import","stack":"TypeError: stockEntry.stock is not iterable\n    at resetAllData (/home/antema/dolibarr-client/backend/src/controller/resetController.js:128:42)\n    at process.processTicksAndRejections (node:internal/process/task_queues:105:5)","timestamp":"2025-08-30T15:45:09.986Z"}
{"level":"info","message":"🚀 Backend server running on port 3001","service":"dolibarr-import","timestamp":"2025-08-30T15:49:45.250Z"}
{"level":"info","message":"🌐 Frontend URL: http://localhost:3000","service":"dolibarr-import","timestamp":"2025-08-30T15:49:45.259Z"}
{"level":"info","message":"🔗 Dolibarr API: http://localhost/dolibarr/htdocs/api/index.php","service":"dolibarr-import","timestamp":"2025-08-30T15:49:45.261Z"}
{"level":"info","message":"GET /api/reset/confirm","service":"dolibarr-import","timestamp":"2025-08-30T15:49:59.903Z"}
{"level":"info","message":"Dolibarr GET request: http://localhost/dolibarr/htdocs/api/index.php/mos","service":"dolibarr-import","timestamp":"2025-08-30T15:49:59.905Z"}
{"level":"info","message":"Dolibarr GET request: http://localhost/dolibarr/htdocs/api/index.php/products","service":"dolibarr-import","timestamp":"2025-08-30T15:50:00.288Z"}
{"level":"info","message":"Dolibarr GET request: http://localhost/dolibarr/htdocs/api/index.php/boms","service":"dolibarr-import","timestamp":"2025-08-30T15:50:00.538Z"}
{"level":"info","message":"DELETE /api/reset/all","service":"dolibarr-import","timestamp":"2025-08-30T15:50:02.604Z"}
{"level":"info","message":"Début de la réinitialisation des données Dolibarr (tout ou rien)","service":"dolibarr-import","timestamp":"2025-08-30T15:50:02.606Z"}
{"level":"info","message":"Récupération des ordres de fabrication...","service":"dolibarr-import","timestamp":"2025-08-30T15:50:02.607Z"}
{"level":"info","message":"Dolibarr GET request: http://localhost/dolibarr/htdocs/api/index.php/mos","service":"dolibarr-import","timestamp":"2025-08-30T15:50:02.607Z"}
{"level":"info","message":"Récupération des BOMs...","service":"dolibarr-import","timestamp":"2025-08-30T15:50:02.754Z"}
{"level":"info","message":"Dolibarr GET request: http://localhost/dolibarr/htdocs/api/index.php/boms","service":"dolibarr-import","timestamp":"2025-08-30T15:50:02.754Z"}
{"level":"info","message":"Récupération des produits...","service":"dolibarr-import","timestamp":"2025-08-30T15:50:02.927Z"}
{"level":"info","message":"Dolibarr GET request: http://localhost/dolibarr/htdocs/api/index.php/products","service":"dolibarr-import","timestamp":"2025-08-30T15:50:02.927Z"}
{"level":"info","message":"Dolibarr GET request: http://localhost/dolibarr/htdocs/api/index.php/products/24/stock","service":"dolibarr-import","timestamp":"2025-08-30T15:50:03.114Z"}
{"level":"info","message":"Dolibarr GET request: http://localhost/dolibarr/htdocs/api/index.php/products/25/stock","service":"dolibarr-import","timestamp":"2025-08-30T15:50:03.511Z"}
{"level":"info","message":"Dolibarr GET request: http://localhost/dolibarr/htdocs/api/index.php/products/26/stock","service":"dolibarr-import","timestamp":"2025-08-30T15:50:03.838Z"}
{"level":"info","message":"Dolibarr GET request: http://localhost/dolibarr/htdocs/api/index.php/products/27/stock","service":"dolibarr-import","timestamp":"2025-08-30T15:50:04.115Z"}
{"level":"info","message":"Dolibarr GET request: http://localhost/dolibarr/htdocs/api/index.php/products/28/stock","service":"dolibarr-import","timestamp":"2025-08-30T15:50:04.296Z"}
{"level":"info","message":"Suppression des ordres de fabrication...","service":"dolibarr-import","timestamp":"2025-08-30T15:50:04.603Z"}
{"level":"info","message":"Suppression des BOMs...","service":"dolibarr-import","timestamp":"2025-08-30T15:50:04.603Z"}
{"level":"info","message":"Suppression des produits...","service":"dolibarr-import","timestamp":"2025-08-30T15:50:04.603Z"}
{"level":"info","message":"Réinitialisation des stocks...","service":"dolibarr-import","timestamp":"2025-08-30T15:50:07.606Z"}
{"level":"info","message":"Réinitialisation terminée avec succès","service":"dolibarr-import","timestamp":"2025-08-30T15:50:07.606Z"}
